[2024-07-29T15:14:12.086+0700] {local_task_job_runner.py:120} INFO - ::group::Pre task execution logs
[2024-07-29T15:14:12.097+0700] {taskinstance.py:2076} INFO - Dependencies all met for dep_context=non-requeueable deps ti=<TaskInstance: airbyte_test_dag.airbyte_trigger_sync manual__2024-07-29T08:14:08.076672+00:00 [queued]>
[2024-07-29T15:14:12.106+0700] {taskinstance.py:2076} INFO - Dependencies all met for dep_context=requeueable deps ti=<TaskInstance: airbyte_test_dag.airbyte_trigger_sync manual__2024-07-29T08:14:08.076672+00:00 [queued]>
[2024-07-29T15:14:12.106+0700] {taskinstance.py:2306} INFO - Starting attempt 1 of 1
[2024-07-29T15:14:12.131+0700] {taskinstance.py:2330} INFO - Executing <Task(AirbyteTriggerSyncOperator): airbyte_trigger_sync> on 2024-07-29 08:14:08.076672+00:00
[2024-07-29T15:14:12.134+0700] {standard_task_runner.py:64} INFO - Started process 43010 to run task
[2024-07-29T15:14:12.137+0700] {standard_task_runner.py:90} INFO - Running: ['airflow', 'tasks', 'run', 'airbyte_test_dag', 'airbyte_trigger_sync', 'manual__2024-07-29T08:14:08.076672+00:00', '--job-id', '19', '--raw', '--subdir', 'DAGS_FOLDER/airbyte_test_dag.py', '--cfg-path', '/tmp/tmpebitne8v']
[2024-07-29T15:14:12.138+0700] {standard_task_runner.py:91} INFO - Job 19: Subtask airbyte_trigger_sync
[2024-07-29T15:14:12.179+0700] {task_command.py:426} INFO - Running <TaskInstance: airbyte_test_dag.airbyte_trigger_sync manual__2024-07-29T08:14:08.076672+00:00 [running]> on host DESKTOP-RHVHV7A.
[2024-07-29T15:14:12.260+0700] {taskinstance.py:2648} INFO - Exporting env vars: AIRFLOW_CTX_DAG_OWNER='airflow' AIRFLOW_CTX_DAG_ID='airbyte_test_dag' AIRFLOW_CTX_TASK_ID='airbyte_trigger_sync' AIRFLOW_CTX_EXECUTION_DATE='2024-07-29T08:14:08.076672+00:00' AIRFLOW_CTX_TRY_NUMBER='1' AIRFLOW_CTX_DAG_RUN_ID='manual__2024-07-29T08:14:08.076672+00:00'
[2024-07-29T15:14:12.260+0700] {taskinstance.py:430} INFO - ::endgroup::
[2024-07-29T15:14:12.285+0700] {base.py:84} INFO - Using connection ID 'airflow-call-to-airbyte-example' for task execution.
[2024-07-29T15:16:25.345+0700] {http.py:243} WARNING - HTTPConnectionPool(host='172.19.0.11', port=8000): Max retries exceeded with url: /api/v1/connections/sync (Caused by ConnectTimeoutError(<urllib3.connection.HTTPConnection object at 0x7eff0581b310>, 'Connection to 172.19.0.11 timed out. (connect timeout=None)')) Tenacity will retry to execute the operation
[2024-07-29T15:16:25.369+0700] {taskinstance.py:441} INFO - ::group::Post task execution logs
[2024-07-29T15:16:25.377+0700] {taskinstance.py:2905} ERROR - Task failed with exception
Traceback (most recent call last):
  File "/usr/local/lib/python3.10/dist-packages/urllib3/connection.py", line 196, in _new_conn
    sock = connection.create_connection(
  File "/usr/local/lib/python3.10/dist-packages/urllib3/util/connection.py", line 85, in create_connection
    raise err
  File "/usr/local/lib/python3.10/dist-packages/urllib3/util/connection.py", line 73, in create_connection
    sock.connect(sa)
TimeoutError: [Errno 110] Connection timed out

The above exception was the direct cause of the following exception:

Traceback (most recent call last):
  File "/usr/local/lib/python3.10/dist-packages/urllib3/connectionpool.py", line 789, in urlopen
    response = self._make_request(
  File "/usr/local/lib/python3.10/dist-packages/urllib3/connectionpool.py", line 495, in _make_request
    conn.request(
  File "/usr/local/lib/python3.10/dist-packages/urllib3/connection.py", line 398, in request
    self.endheaders()
  File "/usr/lib/python3.10/http/client.py", line 1278, in endheaders
    self._send_output(message_body, encode_chunked=encode_chunked)
  File "/usr/lib/python3.10/http/client.py", line 1038, in _send_output
    self.send(msg)
  File "/usr/lib/python3.10/http/client.py", line 976, in send
    self.connect()
  File "/usr/local/lib/python3.10/dist-packages/urllib3/connection.py", line 236, in connect
    self.sock = self._new_conn()
  File "/usr/local/lib/python3.10/dist-packages/urllib3/connection.py", line 205, in _new_conn
    raise ConnectTimeoutError(
urllib3.exceptions.ConnectTimeoutError: (<urllib3.connection.HTTPConnection object at 0x7eff0581b310>, 'Connection to 172.19.0.11 timed out. (connect timeout=None)')

The above exception was the direct cause of the following exception:

Traceback (most recent call last):
  File "/usr/local/lib/python3.10/dist-packages/requests/adapters.py", line 667, in send
    resp = conn.urlopen(
  File "/usr/local/lib/python3.10/dist-packages/urllib3/connectionpool.py", line 843, in urlopen
    retries = retries.increment(
  File "/usr/local/lib/python3.10/dist-packages/urllib3/util/retry.py", line 519, in increment
    raise MaxRetryError(_pool, url, reason) from reason  # type: ignore[arg-type]
urllib3.exceptions.MaxRetryError: HTTPConnectionPool(host='172.19.0.11', port=8000): Max retries exceeded with url: /api/v1/connections/sync (Caused by ConnectTimeoutError(<urllib3.connection.HTTPConnection object at 0x7eff0581b310>, 'Connection to 172.19.0.11 timed out. (connect timeout=None)'))

During handling of the above exception, another exception occurred:

Traceback (most recent call last):
  File "/usr/local/lib/python3.10/dist-packages/airflow/models/taskinstance.py", line 465, in _execute_task
    result = _execute_callable(context=context, **execute_callable_kwargs)
  File "/usr/local/lib/python3.10/dist-packages/airflow/models/taskinstance.py", line 432, in _execute_callable
    return execute_callable(context=context, **execute_callable_kwargs)
  File "/usr/local/lib/python3.10/dist-packages/airflow/models/baseoperator.py", line 401, in wrapper
    return func(self, *args, **kwargs)
  File "/usr/local/lib/python3.10/dist-packages/airflow/providers/airbyte/operators/airbyte.py", line 86, in execute
    job_object = hook.submit_sync_connection(connection_id=self.connection_id)
  File "/usr/local/lib/python3.10/dist-packages/airflow/providers/airbyte/hooks/airbyte.py", line 185, in submit_sync_connection
    return self.run(
  File "/usr/local/lib/python3.10/dist-packages/airflow/providers/http/hooks/http.py", line 188, in run
    return self.run_and_check(session, prepped_request, extra_options)
  File "/usr/local/lib/python3.10/dist-packages/airflow/providers/http/hooks/http.py", line 244, in run_and_check
    raise ex
  File "/usr/local/lib/python3.10/dist-packages/airflow/providers/http/hooks/http.py", line 236, in run_and_check
    response = session.send(prepped_request, **send_kwargs)
  File "/usr/local/lib/python3.10/dist-packages/requests/sessions.py", line 703, in send
    r = adapter.send(request, **kwargs)
  File "/usr/local/lib/python3.10/dist-packages/requests/adapters.py", line 688, in send
    raise ConnectTimeout(e, request=request)
requests.exceptions.ConnectTimeout: HTTPConnectionPool(host='172.19.0.11', port=8000): Max retries exceeded with url: /api/v1/connections/sync (Caused by ConnectTimeoutError(<urllib3.connection.HTTPConnection object at 0x7eff0581b310>, 'Connection to 172.19.0.11 timed out. (connect timeout=None)'))
[2024-07-29T15:16:25.444+0700] {taskinstance.py:1206} INFO - Marking task as FAILED. dag_id=airbyte_test_dag, task_id=airbyte_trigger_sync, run_id=manual__2024-07-29T08:14:08.076672+00:00, execution_date=20240729T081408, start_date=20240729T081412, end_date=20240729T081625
[2024-07-29T15:16:25.510+0700] {standard_task_runner.py:110} ERROR - Failed to execute job 19 for task airbyte_trigger_sync (HTTPConnectionPool(host='172.19.0.11', port=8000): Max retries exceeded with url: /api/v1/connections/sync (Caused by ConnectTimeoutError(<urllib3.connection.HTTPConnection object at 0x7eff0581b310>, 'Connection to 172.19.0.11 timed out. (connect timeout=None)')); 43010)
[2024-07-29T15:16:25.526+0700] {local_task_job_runner.py:243} INFO - Task exited with return code 1
[2024-07-29T15:16:25.605+0700] {taskinstance.py:3503} INFO - 0 downstream tasks scheduled from follow-on schedule check
[2024-07-29T15:16:25.626+0700] {local_task_job_runner.py:222} INFO - ::endgroup::
